<?xml version="1.0" encoding="utf-8"?><testsuites name="pytest tests"><testsuite name="pytest" errors="0" failures="0" skipped="0" tests="23" time="4.245" timestamp="2026-03-12T22:21:51.364196+00:00" hostname="agent-env-f9f9f5a2-9d21-485f-a072-e70de248d351"><testcase classname="backend.tests.test_iteration9_features.TestHealthAndBasics" name="test_health_endpoint" time="0.311" /><testcase classname="backend.tests.test_iteration9_features.TestHealthAndBasics" name="test_root_endpoint" time="0.146" /><testcase classname="backend.tests.test_iteration9_features.TestForgotPassword" name="test_forgot_password_with_email" time="0.117" /><testcase classname="backend.tests.test_iteration9_features.TestForgotPassword" name="test_forgot_password_without_email" time="0.160" /><testcase classname="backend.tests.test_iteration9_features.TestForgotPassword" name="test_forgot_password_with_existing_email" time="0.121" /><testcase classname="backend.tests.test_iteration9_features.TestGoogleAuth" name="test_google_auth_requires_session_id" time="0.112" /><testcase classname="backend.tests.test_iteration9_features.TestGoogleAuth" name="test_google_auth_rejects_invalid_session" time="0.223" /><testcase classname="backend.tests.test_iteration9_features.TestEmailPasswordLogin" name="test_login_with_valid_credentials" time="0.152" /><testcase classname="backend.tests.test_iteration9_features.TestEmailPasswordLogin" name="test_login_with_invalid_credentials" time="0.191" /><testcase classname="backend.tests.test_iteration9_features.TestEmailPasswordLogin" name="test_login_with_nonexistent_email" time="0.143" /><testcase classname="backend.tests.test_iteration9_features.TestEmailPasswordLogin" name="test_get_user_profile_with_token" time="0.266" /><testcase classname="backend.tests.test_iteration9_features.TestEmailPasswordLogin" name="test_get_user_profile_without_token" time="0.117" /><testcase classname="backend.tests.test_iteration9_features.TestSohbaAPI" name="test_get_categories" time="0.158" /><testcase classname="backend.tests.test_iteration9_features.TestSohbaAPI" name="test_get_posts_no_auth" time="0.115" /><testcase classname="backend.tests.test_iteration9_features.TestSohbaAPI" name="test_get_posts_with_category_filter" time="0.238" /><testcase classname="backend.tests.test_iteration9_features.TestSohbaAPI" name="test_create_post_requires_auth" time="0.148" /><testcase classname="backend.tests.test_iteration9_features.TestSohbaAPI" name="test_create_post_with_auth" time="0.373" /><testcase classname="backend.tests.test_iteration9_features.TestSohbaInteractions" name="test_like_requires_auth" time="0.104" /><testcase classname="backend.tests.test_iteration9_features.TestSohbaInteractions" name="test_save_requires_auth" time="0.124" /><testcase classname="backend.tests.test_iteration9_features.TestSohbaInteractions" name="test_comment_requires_auth" time="0.114" /><testcase classname="backend.tests.test_iteration9_features.TestSohbaInteractions" name="test_get_comments_public" time="0.245" /><testcase classname="backend.tests.test_iteration9_features.TestSohbaInteractions" name="test_my_stats_requires_auth" time="0.113" /><testcase classname="backend.tests.test_iteration9_features.TestSohbaInteractions" name="test_my_stats_with_auth" time="0.262" /></testsuite></testsuites>