<?xml version="1.0" encoding="utf-8"?><testsuites name="pytest tests"><testsuite name="pytest" errors="0" failures="0" skipped="0" tests="10" time="1.953" timestamp="2026-03-19T05:16:23.870038+00:00" hostname="agent-env-a2aefe3a-a47f-45fa-aaf7-9970043ae653"><testcase classname="backend.tests.test_iteration14_p0_fix.TestStoryP0Fix" name="test_create_story_without_title_empty_string" time="0.222" /><testcase classname="backend.tests.test_iteration14_p0_fix.TestStoryP0Fix" name="test_create_story_without_title_field_omitted" time="0.191" /><testcase classname="backend.tests.test_iteration14_p0_fix.TestStoryP0Fix" name="test_create_story_with_title" time="0.193" /><testcase classname="backend.tests.test_iteration14_p0_fix.TestStoryP0Fix" name="test_create_story_validates_content_required" time="0.203" /><testcase classname="backend.tests.test_iteration14_p0_fix.TestStoryP0Fix" name="test_create_story_without_auth_fails" time="0.294" /><testcase classname="backend.tests.test_iteration14_p0_fix.TestStoriesListAPI" name="test_list_stories_returns_enriched_data" time="0.168" /><testcase classname="backend.tests.test_iteration14_p0_fix.TestStoriesListAPI" name="test_list_stories_with_category_filter" time="0.118" /><testcase classname="backend.tests.test_iteration14_p0_fix.TestStoriesCategoriesAPI" name="test_get_categories" time="0.113" /><testcase classname="backend.tests.test_iteration14_p0_fix.TestExistingCredentials" name="test_login_with_test_credentials" time="0.164" /><testcase classname="backend.tests.test_iteration14_p0_fix.TestExistingCredentials" name="test_create_story_with_test_user" time="0.217" /></testsuite></testsuites>