<?xml version="1.0" encoding="utf-8"?><testsuites name="pytest tests"><testsuite name="pytest" errors="0" failures="0" skipped="0" tests="25" time="4.023" timestamp="2026-03-13T00:50:31.870447+00:00" hostname="agent-env-c3b8222a-c6a0-45d0-8639-705d6675f6be"><testcase classname="backend.tests.test_iteration11_features.TestHealthAndBasics" name="test_health_endpoint" time="0.285" /><testcase classname="backend.tests.test_iteration11_features.TestHealthAndBasics" name="test_root_endpoint" time="0.232" /><testcase classname="backend.tests.test_iteration11_features.TestStoreAPI" name="test_get_store_items" time="0.129" /><testcase classname="backend.tests.test_iteration11_features.TestStoreAPI" name="test_store_items_filter_by_category" time="0.125" /><testcase classname="backend.tests.test_iteration11_features.TestRewardsAPIUnauthorized" name="test_rewards_balance_unauthorized" time="0.128" /><testcase classname="backend.tests.test_iteration11_features.TestRewardsAPIUnauthorized" name="test_rewards_claim_unauthorized" time="0.122" /><testcase classname="backend.tests.test_iteration11_features.TestRewardsAPIUnauthorized" name="test_rewards_history_unauthorized" time="0.189" /><testcase classname="backend.tests.test_iteration11_features.TestAuthRegisterLogin" name="test_register_new_user" time="0.165" /><testcase classname="backend.tests.test_iteration11_features.TestAuthRegisterLogin" name="test_login_existing_user" time="0.223" /><testcase classname="backend.tests.test_iteration11_features.TestAuthRegisterLogin" name="test_login_invalid_credentials" time="0.111" /><testcase classname="backend.tests.test_iteration11_features.TestRewardsAPIAuthorized" name="test_rewards_balance_authorized" time="0.124" /><testcase classname="backend.tests.test_iteration11_features.TestRewardsAPIAuthorized" name="test_claim_daily_login_reward" time="0.113" /><testcase classname="backend.tests.test_iteration11_features.TestRewardsAPIAuthorized" name="test_claim_invalid_reward_type" time="0.110" /><testcase classname="backend.tests.test_iteration11_features.TestFileUploadAPI" name="test_file_upload_unauthorized" time="0.144" /><testcase classname="backend.tests.test_iteration11_features.TestFileUploadAPI" name="test_file_upload_with_base64" time="0.128" /><testcase classname="backend.tests.test_iteration11_features.TestFileUploadAPI" name="test_file_upload_empty_data" time="0.113" /><testcase classname="backend.tests.test_iteration11_features.TestMembershipAPI" name="test_membership_status_unauthorized" time="0.105" /><testcase classname="backend.tests.test_iteration11_features.TestMembershipAPI" name="test_membership_status_authorized" time="0.122" /><testcase classname="backend.tests.test_iteration11_features.TestStorePurchase" name="test_buy_with_gold_unauthorized" time="0.109" /><testcase classname="backend.tests.test_iteration11_features.TestStorePurchase" name="test_my_purchases_unauthorized" time="0.118" /><testcase classname="backend.tests.test_iteration11_features.TestStorePurchase" name="test_my_purchases_authorized" time="0.133" /><testcase classname="backend.tests.test_iteration11_features.TestSohbaAPIs" name="test_sohba_categories" time="0.145" /><testcase classname="backend.tests.test_iteration11_features.TestSohbaAPIs" name="test_sohba_posts" time="0.112" /><testcase classname="backend.tests.test_iteration11_features.TestIslamicTools" name="test_prayer_times" time="0.422" /><testcase classname="backend.tests.test_iteration11_features.TestIslamicTools" name="test_daily_hadith" time="0.126" /></testsuite></testsuites>