<?xml version="1.0" encoding="utf-8"?><testsuites name="pytest tests"><testsuite name="pytest" errors="0" failures="0" skipped="0" tests="37" time="5.671" timestamp="2026-03-25T14:41:13.402943+00:00" hostname="agent-env-71dbafdc-aaa3-4229-9a30-025d04a2c856"><testcase classname="tests.test_noor_academy_v2_extended.TestAcademyOverview" name="test_academy_overview_returns_5_tracks" time="0.158" /><testcase classname="tests.test_noor_academy_v2_extended.TestAcademyOverview" name="test_academy_overview_track_ids" time="0.102" /><testcase classname="tests.test_noor_academy_v2_extended.TestAcademyOverview" name="test_academy_overview_lesson_counts" time="0.234" /><testcase classname="tests.test_noor_academy_v2_extended.TestAcademyOverview" name="test_academy_overview_has_teaching_methods" time="0.124" /><testcase classname="tests.test_noor_academy_v2_extended.TestAcademyOverview" name="test_academy_overview_has_badges" time="0.098" /><testcase classname="tests.test_noor_academy_v2_extended.TestAqeedahTrack" name="test_aqeedah_track_detail" time="0.112" /><testcase classname="tests.test_noor_academy_v2_extended.TestAqeedahTrack" name="test_aqeedah_lesson_1" time="0.120" /><testcase classname="tests.test_noor_academy_v2_extended.TestAqeedahTrack" name="test_aqeedah_lesson_11_rich_content" time="0.122" /><testcase classname="tests.test_noor_academy_v2_extended.TestAqeedahTrack" name="test_aqeedah_navigation_flags" time="0.230" /><testcase classname="tests.test_noor_academy_v2_extended.TestFiqhTrack" name="test_fiqh_track_detail" time="0.105" /><testcase classname="tests.test_noor_academy_v2_extended.TestFiqhTrack" name="test_fiqh_lesson_1" time="0.106" /><testcase classname="tests.test_noor_academy_v2_extended.TestFiqhTrack" name="test_fiqh_placeholder_format" time="0.111" /><testcase classname="tests.test_noor_academy_v2_extended.TestSeerahTrack" name="test_seerah_track_detail" time="0.151" /><testcase classname="tests.test_noor_academy_v2_extended.TestSeerahTrack" name="test_seerah_lesson_1" time="0.162" /><testcase classname="tests.test_noor_academy_v2_extended.TestSeerahTrack" name="test_seerah_navigation" time="0.104" /><testcase classname="tests.test_noor_academy_v2_extended.TestNooraniyaTrack" name="test_nooraniya_track_detail" time="0.111" /><testcase classname="tests.test_noor_academy_v2_extended.TestNooraniyaTrack" name="test_nooraniya_lesson_1_rich_content" time="0.108" /><testcase classname="tests.test_noor_academy_v2_extended.TestNooraniyaTrack" name="test_nooraniya_extended_lesson_40" time="0.104" /><testcase classname="tests.test_noor_academy_v2_extended.TestAdabTrack" name="test_adab_list" time="0.105" /><testcase classname="tests.test_noor_academy_v2_extended.TestAdabTrack" name="test_adab_lesson_1" time="0.119" /><testcase classname="tests.test_noor_academy_v2_extended.TestLanguageSupport" name="test_all_9_languages_academy_overview" time="1.020" /><testcase classname="tests.test_noor_academy_v2_extended.TestLanguageSupport" name="test_aqeedah_lesson_in_german" time="0.142" /><testcase classname="tests.test_noor_academy_v2_extended.TestLanguageSupport" name="test_fiqh_lesson_in_turkish" time="0.109" /><testcase classname="tests.test_noor_academy_v2_extended.TestLanguageSupport" name="test_seerah_lesson_in_russian" time="0.120" /><testcase classname="tests.test_noor_academy_v2_extended.TestLanguageSupport" name="test_adab_in_french" time="0.099" /><testcase classname="tests.test_noor_academy_v2_extended.TestLanguageSupport" name="test_fallback_to_english_for_unknown_locale" time="0.122" /><testcase classname="tests.test_noor_academy_v2_extended.TestLanguageSupport" name="test_de_AT_maps_to_de" time="0.109" /><testcase classname="tests.test_noor_academy_v2_extended.TestDigitalShield" name="test_digital_shield_overview" time="0.099" /><testcase classname="tests.test_noor_academy_v2_extended.TestDigitalShield" name="test_digital_shield_module_lesson_counts" time="0.100" /><testcase classname="tests.test_noor_academy_v2_extended.TestDigitalShield" name="test_digital_shield_lesson_1" time="0.110" /><testcase classname="tests.test_noor_academy_v2_extended.TestDigitalShield" name="test_digital_shield_navigation" time="0.268" /><testcase classname="tests.test_noor_academy_v2_extended.TestDigitalShield" name="test_digital_shield_module_detail" time="0.131" /><testcase classname="tests.test_noor_academy_v2_extended.TestPlaceholderStructure" name="test_placeholder_has_message_in_all_languages" time="0.139" /><testcase classname="tests.test_noor_academy_v2_extended.TestPlaceholderStructure" name="test_placeholder_quiz_type" time="0.121" /><testcase classname="tests.test_noor_academy_v2_extended.TestEdgeCases" name="test_invalid_lesson_id" time="0.100" /><testcase classname="tests.test_noor_academy_v2_extended.TestEdgeCases" name="test_invalid_track_id" time="0.111" /><testcase classname="tests.test_noor_academy_v2_extended.TestEdgeCases" name="test_lesson_0_invalid" time="0.120" /></testsuite></testsuites>