<?xml version="1.0" encoding="utf-8"?><testsuites name="pytest tests"><testsuite name="pytest" errors="0" failures="0" skipped="0" tests="24" time="5.458" timestamp="2026-03-12T22:39:40.239698+00:00" hostname="agent-env-f9f9f5a2-9d21-485f-a072-e70de248d351"><testcase classname="tests.test_iteration10_features.TestHealthAndStatus" name="test_api_health" time="0.261" /><testcase classname="tests.test_iteration10_features.TestHealthAndStatus" name="test_api_root" time="0.113" /><testcase classname="tests.test_iteration10_features.TestAuthAPIs" name="test_login_success" time="0.157" /><testcase classname="tests.test_iteration10_features.TestAuthAPIs" name="test_login_invalid_password" time="0.170" /><testcase classname="tests.test_iteration10_features.TestAuthAPIs" name="test_google_auth_requires_session_id" time="0.136" /><testcase classname="tests.test_iteration10_features.TestAuthAPIs" name="test_forgot_password_api" time="0.119" /><testcase classname="tests.test_iteration10_features.TestAuthAPIs" name="test_forgot_password_requires_email" time="0.118" /><testcase classname="tests.test_iteration10_features.TestAuthAPIs" name="test_auth_me_unauthorized" time="0.116" /><testcase classname="tests.test_iteration10_features.TestSohbaAPIs" name="test_get_categories" time="0.112" /><testcase classname="tests.test_iteration10_features.TestSohbaAPIs" name="test_get_posts" time="0.119" /><testcase classname="tests.test_iteration10_features.TestSohbaAPIs" name="test_get_posts_by_category" time="0.151" /><testcase classname="tests.test_iteration10_features.TestSohbaAPIs" name="test_get_post_comments" time="0.764" /><testcase classname="tests.test_iteration10_features.TestSohbaAPIs" name="test_like_post_requires_auth" time="0.122" /><testcase classname="tests.test_iteration10_features.TestSohbaAPIs" name="test_create_post_requires_auth" time="0.163" /><testcase classname="tests.test_iteration10_features.TestAuthenticatedSohbaAPIs" name="test_get_my_stats" time="0.282" /><testcase classname="tests.test_iteration10_features.TestAuthenticatedSohbaAPIs" name="test_create_and_delete_post" time="0.367" /><testcase classname="tests.test_iteration10_features.TestPrayerTimesAPIs" name="test_prayer_times" time="0.353" /><testcase classname="tests.test_iteration10_features.TestPrayerTimesAPIs" name="test_hijri_date" time="0.316" /><testcase classname="tests.test_iteration10_features.TestPrayerTimesAPIs" name="test_daily_hadith" time="0.102" /><testcase classname="tests.test_iteration10_features.TestMosqueAPIs" name="test_mosque_search" time="0.554" /><testcase classname="tests.test_iteration10_features.TestAdminAPIs" name="test_admin_stats" time="0.293" /><testcase classname="tests.test_iteration10_features.TestAdminAPIs" name="test_admin_settings" time="0.119" /><testcase classname="tests.test_iteration10_features.TestUIIntegrationPoints" name="test_sohba_posts_have_required_fields" time="0.143" /><testcase classname="tests.test_iteration10_features.TestUIIntegrationPoints" name="test_categories_have_labels" time="0.130" /></testsuite></testsuites>