<?xml version="1.0" encoding="utf-8"?><testsuites name="pytest tests"><testsuite name="pytest" errors="0" failures="0" skipped="0" tests="19" time="13.459" timestamp="2026-03-13T01:49:04.018471+00:00" hostname="agent-env-c3b8222a-c6a0-45d0-8639-705d6675f6be"><testcase classname="backend.tests.test_iteration12_features.TestHealthAndBasics" name="test_api_root" time="0.268" /><testcase classname="backend.tests.test_iteration12_features.TestHealthAndBasics" name="test_health_endpoint" time="0.173" /><testcase classname="backend.tests.test_iteration12_features.TestGiftsAPI" name="test_gifts_list_returns_12_gifts" time="0.125" /><testcase classname="backend.tests.test_iteration12_features.TestCreditsAPI" name="test_credits_packages_default" time="0.130" /><testcase classname="backend.tests.test_iteration12_features.TestCreditsAPI" name="test_credits_packages_saudi_arabia" time="0.111" /><testcase classname="backend.tests.test_iteration12_features.TestCreditsAPI" name="test_detect_currency_saudi_coordinates" time="0.414" /><testcase classname="backend.tests.test_iteration12_features.TestAuthAPI" name="test_register_new_user" time="0.141" /><testcase classname="backend.tests.test_iteration12_features.TestAuthAPI" name="test_login_user" time="0.183" /><testcase classname="backend.tests.test_iteration12_features.TestGiftsSendAPI" name="test_send_gift_requires_credits" time="0.479" /><testcase classname="backend.tests.test_iteration12_features.TestAdsAPI" name="test_submit_ad_for_review" time="0.359" /><testcase classname="backend.tests.test_iteration12_features.TestAdsAPI" name="test_get_approved_ads" time="0.317" /><testcase classname="backend.tests.test_iteration12_features.TestMarketplaceAPI" name="test_create_product" time="0.271" /><testcase classname="backend.tests.test_iteration12_features.TestMarketplaceAPI" name="test_list_products" time="0.260" /><testcase classname="backend.tests.test_iteration12_features.TestMarketplaceAPI" name="test_list_products_with_location" time="0.250" /><testcase classname="backend.tests.test_iteration12_features.TestAIAssistantAPI" name="test_ai_ask_islamic_question" time="8.987" /><testcase classname="backend.tests.test_iteration12_features.TestAIAssistantAPI" name="test_ai_ask_requires_auth" time="0.278" /><testcase classname="backend.tests.test_iteration12_features.TestPaymentsAPI" name="test_get_gold_packages" time="0.110" /><testcase classname="backend.tests.test_iteration12_features.TestStoreAPI" name="test_get_store_items" time="0.123" /><testcase classname="backend.tests.test_iteration12_features.TestRewardsAPI" name="test_get_rewards_balance" time="0.278" /></testsuite></testsuites>