<?xml version="1.0" encoding="utf-8"?><testsuites name="pytest tests"><testsuite name="pytest" errors="0" failures="0" skipped="0" tests="28" time="4.080" timestamp="2026-03-20T23:24:57.448702+00:00" hostname="agent-env-3af2c1fd-8bc2-4e14-90c3-8e9f232f65bb"><testcase classname="tests.test_kids_zone_journey.TestKidsZoneJourney" name="test_journey_returns_success" time="0.282" /><testcase classname="tests.test_kids_zone_journey.TestKidsZoneJourney" name="test_journey_has_worlds_array" time="0.146" /><testcase classname="tests.test_kids_zone_journey.TestKidsZoneJourney" name="test_journey_has_5_worlds_with_correct_structure" time="0.117" /><testcase classname="tests.test_kids_zone_journey.TestKidsZoneJourney" name="test_journey_stages_have_correct_structure" time="0.136" /><testcase classname="tests.test_kids_zone_journey.TestKidsZoneJourney" name="test_journey_first_stage_unlocked" time="0.157" /><testcase classname="tests.test_kids_zone_journey.TestKidsZoneJourney" name="test_journey_has_current_stage" time="0.177" /><testcase classname="tests.test_kids_zone_journey.TestKidsZoneJourney" name="test_journey_has_xp_and_bricks" time="0.108" /><testcase classname="tests.test_kids_zone_journey.TestKidsZoneJourney" name="test_journey_has_mosque_progress" time="0.108" /><testcase classname="tests.test_kids_zone_journey.TestKidsZoneStage" name="test_stage_w1s1_returns_success" time="0.115" /><testcase classname="tests.test_kids_zone_journey.TestKidsZoneStage" name="test_stage_has_activities_array" time="0.131" /><testcase classname="tests.test_kids_zone_journey.TestKidsZoneStage" name="test_stage_has_irs_phases" time="0.146" /><testcase classname="tests.test_kids_zone_journey.TestKidsZoneStage" name="test_stage_introduce_has_content" time="0.125" /><testcase classname="tests.test_kids_zone_journey.TestKidsZoneStage" name="test_stage_recognize_has_grid" time="0.112" /><testcase classname="tests.test_kids_zone_journey.TestKidsZoneStage" name="test_stage_say_has_targets" time="0.138" /><testcase classname="tests.test_kids_zone_journey.TestKidsZoneStage" name="test_stage_info_structure" time="0.150" /><testcase classname="tests.test_kids_zone_journey.TestKidsZoneStage" name="test_stage_not_found" time="0.107" /><testcase classname="tests.test_kids_zone_journey.TestKidsZoneCompleteStage" name="test_complete_stage_returns_success" time="0.109" /><testcase classname="tests.test_kids_zone_journey.TestKidsZoneCompleteStage" name="test_complete_stage_returns_rewards" time="0.107" /><testcase classname="tests.test_kids_zone_journey.TestKidsZoneCompleteStage" name="test_complete_stage_returns_next_stage" time="0.106" /><testcase classname="tests.test_kids_zone_journey.TestKidsZoneCompleteStage" name="test_complete_stage_returns_mosque" time="0.112" /><testcase classname="tests.test_kids_zone_journey.TestKidsZoneCompleteStage" name="test_complete_stage_invalid_stage" time="0.187" /><testcase classname="tests.test_kids_zone_journey.TestKidsZoneProgression" name="test_progression_after_completion" time="0.337" /><testcase classname="tests.test_kids_zone_journey.TestKidsZoneWorldTypes" name="test_letters_stage_type" time="0.110" /><testcase classname="tests.test_kids_zone_journey.TestKidsZoneWorldTypes" name="test_harakat_stage_type" time="0.110" /><testcase classname="tests.test_kids_zone_journey.TestKidsZoneWorldTypes" name="test_reading_stage_type" time="0.118" /><testcase classname="tests.test_kids_zone_journey.TestKidsZoneWorldTypes" name="test_surah_stage_type" time="0.106" /><testcase classname="tests.test_kids_zone_journey.TestKidsZoneWorldTypes" name="test_tajweed_stage_type" time="0.106" /><testcase classname="tests.test_kids_zone_journey.TestKidsZoneWorldTypes" name="test_boss_stage_type" time="0.121" /></testsuite></testsuites>