<?xml version="1.0" encoding="utf-8"?><testsuites name="pytest tests"><testsuite name="pytest" errors="0" failures="0" skipped="0" tests="19" time="8.988" timestamp="2026-03-13T02:24:18.787930+00:00" hostname="agent-env-c3b8222a-c6a0-45d0-8639-705d6675f6be"><testcase classname="backend.tests.test_iteration13_features.TestPublicEndpoints" name="test_get_announcements" time="0.284" /><testcase classname="backend.tests.test_iteration13_features.TestPublicEndpoints" name="test_marketplace_products_list" time="0.109" /><testcase classname="backend.tests.test_iteration13_features.TestAuthFlow" name="test_register_user1" time="0.185" /><testcase classname="backend.tests.test_iteration13_features.TestAuthFlow" name="test_login_user1" time="0.216" /><testcase classname="backend.tests.test_iteration13_features.TestAuthFlow" name="test_register_user2" time="0.171" /><testcase classname="backend.tests.test_iteration13_features.TestVendorFlow" name="test_register_vendor" time="0.233" /><testcase classname="backend.tests.test_iteration13_features.TestVendorFlow" name="test_vendor_status" time="0.106" /><testcase classname="backend.tests.test_iteration13_features.TestVendorFlow" name="test_create_product_should_fail_without_approval" time="0.146" /><testcase classname="backend.tests.test_iteration13_features.TestMultipartUpload" name="test_multipart_upload" time="0.122" /><testcase classname="backend.tests.test_iteration13_features.TestSohbaPosts" name="test_create_post_with_image_url" time="0.115" /><testcase classname="backend.tests.test_iteration13_features.TestSohbaPosts" name="test_get_posts_by_author" time="0.153" /><testcase classname="backend.tests.test_iteration13_features.TestSohbaPosts" name="test_get_user_profile" time="0.114" /><testcase classname="backend.tests.test_iteration13_features.TestGifts" name="test_get_gifts_list" time="0.148" /><testcase classname="backend.tests.test_iteration13_features.TestGifts" name="test_send_gift_requires_credits" time="0.124" /><testcase classname="backend.tests.test_iteration13_features.TestAIAssistant" name="test_ai_ask" time="6.130" /><testcase classname="backend.tests.test_iteration13_features.TestSohbaCategories" name="test_get_categories" time="0.139" /><testcase classname="backend.tests.test_iteration13_features.TestCreditsSystem" name="test_credits_packages" time="0.110" /><testcase classname="backend.tests.test_iteration13_features.TestHealthAndBasics" name="test_health" time="0.120" /><testcase classname="backend.tests.test_iteration13_features.TestHealthAndBasics" name="test_root" time="0.104" /></testsuite></testsuites>