<?xml version="1.0" encoding="utf-8"?><testsuites name="pytest tests"><testsuite name="pytest" errors="0" failures="0" skipped="0" tests="22" time="3.210" timestamp="2026-03-12T16:35:13.045791+00:00" hostname="agent-env-f9f9f5a2-9d21-485f-a072-e70de248d351"><testcase classname="backend.tests.test_sohba_api.TestHealth" name="test_health_endpoint" time="0.221" /><testcase classname="backend.tests.test_sohba_api.TestAuth" name="test_login_success" time="0.093" /><testcase classname="backend.tests.test_sohba_api.TestAuth" name="test_login_invalid_credentials" time="0.053" /><testcase classname="backend.tests.test_sohba_api.TestAuth" name="test_get_me_authenticated" time="0.166" /><testcase classname="backend.tests.test_sohba_api.TestSohbaCategories" name="test_get_categories" time="0.057" /><testcase classname="backend.tests.test_sohba_api.TestSohbaPosts" name="test_get_posts_public" time="0.063" /><testcase classname="backend.tests.test_sohba_api.TestSohbaPosts" name="test_get_posts_by_category" time="0.061" /><testcase classname="backend.tests.test_sohba_api.TestSohbaPosts" name="test_create_post_requires_auth" time="0.128" /><testcase classname="backend.tests.test_sohba_api.TestSohbaPosts" name="test_create_post_authenticated" time="0.136" /><testcase classname="backend.tests.test_sohba_api.TestSohbaInteractions" name="test_toggle_like_requires_auth" time="0.178" /><testcase classname="backend.tests.test_sohba_api.TestSohbaInteractions" name="test_toggle_like_authenticated" time="0.242" /><testcase classname="backend.tests.test_sohba_api.TestSohbaInteractions" name="test_toggle_save_requires_auth" time="0.196" /><testcase classname="backend.tests.test_sohba_api.TestSohbaInteractions" name="test_toggle_save_authenticated" time="0.152" /><testcase classname="backend.tests.test_sohba_api.TestSohbaInteractions" name="test_get_comments" time="0.134" /><testcase classname="backend.tests.test_sohba_api.TestSohbaInteractions" name="test_create_comment_requires_auth" time="0.199" /><testcase classname="backend.tests.test_sohba_api.TestSohbaInteractions" name="test_create_comment_authenticated" time="0.208" /><testcase classname="backend.tests.test_sohba_api.TestSohbaMyStats" name="test_my_stats_requires_auth" time="0.115" /><testcase classname="backend.tests.test_sohba_api.TestSohbaMyStats" name="test_my_stats_authenticated" time="0.066" /><testcase classname="backend.tests.test_sohba_api.TestSohbaFollow" name="test_follow_requires_auth" time="0.120" /><testcase classname="backend.tests.test_sohba_api.TestSohbaFollow" name="test_cannot_follow_self" time="0.121" /><testcase classname="backend.tests.test_sohba_api.TestSohbaDeletePost" name="test_delete_own_post" time="0.235" /><testcase classname="backend.tests.test_sohba_api.TestSohbaDeletePost" name="test_delete_nonexistent_post" time="0.058" /></testsuite></testsuites>